<?xml version="1.0" encoding="UTF-8" ?>
<testsuite failures="0" time="2.951" errors="0" skipped="0" tests="2" name="jp.mydns.magnet.AppTest">
  <properties>
    <property name="java.runtime.name" value="Java(TM) SE Runtime Environment"/>
    <property name="sun.boot.library.path" value="/usr/java/jdk1.6.0_16/jre/lib/i386"/>
    <property name="java.vm.version" value="14.2-b01"/>
    <property name="java.vm.vendor" value="Sun Microsystems Inc."/>
    <property name="java.vendor.url" value="http://java.sun.com/"/>
    <property name="path.separator" value=":"/>
    <property name="java.vm.name" value="Java HotSpot(TM) Server VM"/>
    <property name="file.encoding.pkg" value="sun.io"/>
    <property name="user.country" value="JP"/>
    <property name="sun.java.launcher" value="SUN_STANDARD"/>
    <property name="sun.os.patch.level" value="unknown"/>
    <property name="java.vm.specification.name" value="Java Virtual Machine Specification"/>
    <property name="user.dir" value="/home/magnet/pgscala/jongdle"/>
    <property name="java.runtime.version" value="1.6.0_16-b01"/>
    <property name="java.awt.graphicsenv" value="sun.awt.X11GraphicsEnvironment"/>
    <property name="basedir" value="/home/magnet/pgscala/jongdle"/>
    <property name="java.endorsed.dirs" value="/usr/java/jdk1.6.0_16/jre/lib/endorsed"/>
    <property name="os.arch" value="i386"/>
    <property name="surefire.real.class.path" value="/tmp/surefirebooter8230579605316820797.jar"/>
    <property name="java.io.tmpdir" value="/tmp"/>
    <property name="line.separator" value="
"/>
    <property name="java.vm.specification.vendor" value="Sun Microsystems Inc."/>
    <property name="os.name" value="Linux"/>
    <property name="sun.jnu.encoding" value="UTF-8"/>
    <property name="java.library.path" value="/usr/java/jdk1.6.0_16/jre/lib/i386/server:/usr/java/jdk1.6.0_16/jre/lib/i386:/usr/java/jdk1.6.0_16/jre/../lib/i386:/usr/java/packages/lib/i386:/lib:/usr/lib"/>
    <property name="surefire.test.class.path" value="/home/magnet/pgscala/jongdle/target/test-classes:/home/magnet/pgscala/jongdle/target/classes:/home/magnet/.m2/repository/net/liftweb/lift-mapper_2.8.0/2.1-SNAPSHOT/lift-mapper_2.8.0-2.1-SNAPSHOT.jar:/home/magnet/.m2/repository/net/liftweb/lift-webkit_2.8.0/2.1-SNAPSHOT/lift-webkit_2.8.0-2.1-SNAPSHOT.jar:/home/magnet/.m2/repository/net/liftweb/lift-util_2.8.0/2.1-SNAPSHOT/lift-util_2.8.0-2.1-SNAPSHOT.jar:/home/magnet/.m2/repository/net/liftweb/lift-actor_2.8.0/2.1-SNAPSHOT/lift-actor_2.8.0-2.1-SNAPSHOT.jar:/home/magnet/.m2/repository/net/liftweb/lift-common_2.8.0/2.1-SNAPSHOT/lift-common_2.8.0-2.1-SNAPSHOT.jar:/home/magnet/.m2/repository/org/scala-lang/scala-library/2.8.0/scala-library-2.8.0.jar:/home/magnet/.m2/repository/org/slf4j/slf4j-api/1.5.11/slf4j-api-1.5.11.jar:/home/magnet/.m2/repository/log4j/log4j/1.2.14/log4j-1.2.14.jar:/home/magnet/.m2/repository/net/liftweb/lift-json_2.8.0/2.1-SNAPSHOT/lift-json_2.8.0-2.1-SNAPSHOT.jar:/home/magnet/.m2/repository/com/thoughtworks/paranamer/paranamer/2.0/paranamer-2.0.jar:/home/magnet/.m2/repository/javax/mail/mail/1.4.1/mail-1.4.1.jar:/home/magnet/.m2/repository/javax/activation/activation/1.1/activation-1.1.jar:/home/magnet/.m2/repository/commons-codec/commons-codec/1.4/commons-codec-1.4.jar:/home/magnet/.m2/repository/joda-time/joda-time/1.6/joda-time-1.6.jar:/home/magnet/.m2/repository/org/slf4j/slf4j-log4j12/1.5.11/slf4j-log4j12-1.5.11.jar:/home/magnet/.m2/repository/commons-fileupload/commons-fileupload/1.2.1/commons-fileupload-1.2.1.jar:/home/magnet/.m2/repository/com/h2database/h2/1.2.138/h2-1.2.138.jar:/home/magnet/.m2/repository/org/apache/derby/derby/10.5.3.0_1/derby-10.5.3.0_1.jar:/home/magnet/.m2/repository/javax/servlet/servlet-api/2.5/servlet-api-2.5.jar:/home/magnet/.m2/repository/junit/junit/4.7/junit-4.7.jar:/home/magnet/.m2/repository/org/mortbay/jetty/jetty/6.1.25/jetty-6.1.25.jar:/home/magnet/.m2/repository/org/mortbay/jetty/jetty-util/6.1.25/jetty-util-6.1.25.jar:/home/magnet/.m2/repository/org/mortbay/jetty/servlet-api/2.5-20081211/servlet-api-2.5-20081211.jar:/home/magnet/.m2/repository/org/scala-lang/scala-compiler/2.8.0/scala-compiler-2.8.0.jar:/home/magnet/.m2/repository/com/google/appengine/appengine-api-1.0-sdk/1.3.1/appengine-api-1.0-sdk-1.3.1.jar:/home/magnet/.m2/repository/com/google/appengine/appengine-api-labs/1.3.1/appengine-api-labs-1.3.1.jar:"/>
    <property name="java.specification.name" value="Java Platform API Specification"/>
    <property name="java.class.version" value="50.0"/>
    <property name="sun.management.compiler" value="HotSpot Tiered Compilers"/>
    <property name="os.version" value="2.6.18-92.1.18.el5.028stab060.8"/>
    <property name="user.home" value="/home/magnet"/>
    <property name="user.timezone" value=""/>
    <property name="java.awt.printerjob" value="sun.print.PSPrinterJob"/>
    <property name="file.encoding" value="UTF-8"/>
    <property name="java.specification.version" value="1.6"/>
    <property name="user.name" value="magnet"/>
    <property name="java.class.path" value="/home/magnet/pgscala/jongdle/target/test-classes:/home/magnet/pgscala/jongdle/target/classes:/home/magnet/.m2/repository/net/liftweb/lift-mapper_2.8.0/2.1-SNAPSHOT/lift-mapper_2.8.0-2.1-SNAPSHOT.jar:/home/magnet/.m2/repository/net/liftweb/lift-webkit_2.8.0/2.1-SNAPSHOT/lift-webkit_2.8.0-2.1-SNAPSHOT.jar:/home/magnet/.m2/repository/net/liftweb/lift-util_2.8.0/2.1-SNAPSHOT/lift-util_2.8.0-2.1-SNAPSHOT.jar:/home/magnet/.m2/repository/net/liftweb/lift-actor_2.8.0/2.1-SNAPSHOT/lift-actor_2.8.0-2.1-SNAPSHOT.jar:/home/magnet/.m2/repository/net/liftweb/lift-common_2.8.0/2.1-SNAPSHOT/lift-common_2.8.0-2.1-SNAPSHOT.jar:/home/magnet/.m2/repository/org/scala-lang/scala-library/2.8.0/scala-library-2.8.0.jar:/home/magnet/.m2/repository/org/slf4j/slf4j-api/1.5.11/slf4j-api-1.5.11.jar:/home/magnet/.m2/repository/log4j/log4j/1.2.14/log4j-1.2.14.jar:/home/magnet/.m2/repository/net/liftweb/lift-json_2.8.0/2.1-SNAPSHOT/lift-json_2.8.0-2.1-SNAPSHOT.jar:/home/magnet/.m2/repository/com/thoughtworks/paranamer/paranamer/2.0/paranamer-2.0.jar:/home/magnet/.m2/repository/javax/mail/mail/1.4.1/mail-1.4.1.jar:/home/magnet/.m2/repository/javax/activation/activation/1.1/activation-1.1.jar:/home/magnet/.m2/repository/commons-codec/commons-codec/1.4/commons-codec-1.4.jar:/home/magnet/.m2/repository/joda-time/joda-time/1.6/joda-time-1.6.jar:/home/magnet/.m2/repository/org/slf4j/slf4j-log4j12/1.5.11/slf4j-log4j12-1.5.11.jar:/home/magnet/.m2/repository/commons-fileupload/commons-fileupload/1.2.1/commons-fileupload-1.2.1.jar:/home/magnet/.m2/repository/com/h2database/h2/1.2.138/h2-1.2.138.jar:/home/magnet/.m2/repository/org/apache/derby/derby/10.5.3.0_1/derby-10.5.3.0_1.jar:/home/magnet/.m2/repository/javax/servlet/servlet-api/2.5/servlet-api-2.5.jar:/home/magnet/.m2/repository/junit/junit/4.7/junit-4.7.jar:/home/magnet/.m2/repository/org/mortbay/jetty/jetty/6.1.25/jetty-6.1.25.jar:/home/magnet/.m2/repository/org/mortbay/jetty/jetty-util/6.1.25/jetty-util-6.1.25.jar:/home/magnet/.m2/repository/org/mortbay/jetty/servlet-api/2.5-20081211/servlet-api-2.5-20081211.jar:/home/magnet/.m2/repository/org/scala-lang/scala-compiler/2.8.0/scala-compiler-2.8.0.jar:/home/magnet/.m2/repository/com/google/appengine/appengine-api-1.0-sdk/1.3.1/appengine-api-1.0-sdk-1.3.1.jar:/home/magnet/.m2/repository/com/google/appengine/appengine-api-labs/1.3.1/appengine-api-labs-1.3.1.jar:"/>
    <property name="java.vm.specification.version" value="1.0"/>
    <property name="sun.arch.data.model" value="32"/>
    <property name="java.home" value="/usr/java/jdk1.6.0_16/jre"/>
    <property name="java.specification.vendor" value="Sun Microsystems Inc."/>
    <property name="user.language" value="ja"/>
    <property name="java.vm.info" value="mixed mode"/>
    <property name="java.version" value="1.6.0_16"/>
    <property name="java.ext.dirs" value="/usr/java/jdk1.6.0_16/jre/lib/ext:/usr/java/packages/lib/ext"/>
    <property name="sun.boot.class.path" value="/usr/java/jdk1.6.0_16/jre/lib/resources.jar:/usr/java/jdk1.6.0_16/jre/lib/rt.jar:/usr/java/jdk1.6.0_16/jre/lib/sunrsasign.jar:/usr/java/jdk1.6.0_16/jre/lib/jsse.jar:/usr/java/jdk1.6.0_16/jre/lib/jce.jar:/usr/java/jdk1.6.0_16/jre/lib/charsets.jar:/usr/java/jdk1.6.0_16/jre/classes"/>
    <property name="java.vendor" value="Sun Microsystems Inc."/>
    <property name="localRepository" value="/home/magnet/.m2/repository"/>
    <property name="file.separator" value="/"/>
    <property name="java.vendor.url.bug" value="http://java.sun.com/cgi-bin/bugreport.cgi"/>
    <property name="sun.cpu.endian" value="little"/>
    <property name="sun.io.unicode.encoding" value="UnicodeLittle"/>
    <property name="sun.cpu.isalist" value=""/>
  </properties>
  <testcase time="0.005" classname="jp.mydns.magnet.AppTest" name="testOK"/>
  <testcase time="2.829" classname="jp.mydns.magnet.AppTest" name="testXml"/>
</testsuite>